<?xml version="1.0" encoding="UTF-8"?>
<!-- Generated by org.testng.reporters.JUnitReportReporter -->
<testsuite hostname="NAGARAJU" failures="0" tests="1" name="groupExecution1.Test2" time="0.015" errors="0" timestamp="2024-10-17T13:20:17 IST" skipped="0">
  <testcase classname="groupExecution1.Test2" name="demo1" time="0.015"/>
  <system-out/>
</testsuite> <!-- groupExecution1.Test2 -->
