<?xml version="1.0" encoding="UTF-8"?>
<!-- Generated by org.testng.reporters.JUnitReportReporter -->
<testsuite hostname="NAGARAJU" failures="0" tests="2" name="groupExecution1.Test1" time="0.002" errors="0" timestamp="2024-10-17T13:20:17 IST" skipped="0">
  <testcase classname="groupExecution1.Test1" name="demo3" time="0.001"/>
  <system-out/>
  <testcase classname="groupExecution1.Test1" name="demo1" time="0.001"/>
  <system-out/>
</testsuite> <!-- groupExecution1.Test1 -->
