<?xml version="1.0" encoding="UTF-8"?>
<!-- Generated by org.testng.reporters.JUnitReportReporter -->
<testsuite hostname="NAGARAJU" failures="0" tests="2" name="distributedParallel.Test3" time="0.007" errors="0" timestamp="2024-10-18T12:28:13 IST" skipped="0">
  <testcase classname="distributedParallel.Test3" name="demo1" time="0.006"/>
  <system-out/>
  <testcase classname="distributedParallel.Test3" name="demo2" time="0.001"/>
  <system-out/>
</testsuite> <!-- distributedParallel.Test3 -->
