<?xml version="1.0" encoding="UTF-8"?>
<!-- Generated by org.testng.reporters.JUnitReportReporter -->
<testsuite hostname="NAGARAJU" failures="0" tests="1" name="Assertions.WhyNotIfElse" time="0.010" errors="0" timestamp="2024-10-19T12:43:24 IST" skipped="0">
  <testcase classname="Assertions.WhyNotIfElse" name="demo" time="0.010"/>
  <system-out/>
</testsuite> <!-- Assertions.WhyNotIfElse -->
