<?xml version="1.0" encoding="UTF-8"?>
<!-- Generated by org.testng.reporters.JUnitReportReporter -->
<testsuite hostname="NAGARAJU" failures="0" tests="2" name="distributedParallel.Test2" time="0.030" errors="0" timestamp="2024-10-18T12:28:13 IST" skipped="0">
  <testcase classname="distributedParallel.Test2" name="demo2" time="0.016"/>
  <system-out/>
  <testcase classname="distributedParallel.Test2" name="demo1" time="0.014"/>
  <system-out/>
</testsuite> <!-- distributedParallel.Test2 -->
