<?xml version="1.0" encoding="UTF-8"?>
<!-- Generated by org.testng.reporters.JUnitReportReporter -->
<testsuite hostname="NAGARAJU" failures="0" tests="2" name="distributedParallel.Test1" time="0.018" errors="0" timestamp="2024-10-18T12:28:13 IST" skipped="0">
  <testcase classname="distributedParallel.Test1" name="demo1" time="0.015"/>
  <system-out/>
  <testcase classname="distributedParallel.Test1" name="demo2" time="0.003"/>
  <system-out/>
</testsuite> <!-- distributedParallel.Test1 -->
