<?xml version="1.0" encoding="UTF-8"?>
<!-- Generated by org.testng.reporters.JUnitReportReporter -->
<testsuite hostname="NAGARAJU" failures="0" tests="1" name="testNG.sampleTestNG" time="0.013" errors="0" timestamp="2024-10-09T08:41:21 IST" skipped="0">
  <testcase classname="testNG.sampleTestNG" name="demo" time="0.013"/>
  <system-out>
    <![CDATA[hello world]]>
  </system-out>
</testsuite> <!-- testNG.sampleTestNG -->
